<?xml version="1.0" encoding="utf-8" ?>
<!-- DO NOT EDIT THIS FILE -->

<log version='2.0' source='trc'>
	<msg id='1' display='false' source='trc'>
		<type>PROCESS_START</type>
		<severity>INFO</severity>
		<timestamp>Thu May 14 14:55:10 2020</timestamp>
		<arg name='process'>C:\Users\Õ‡Ú‡\Desktop\IPS\task2\project\task\Release\Task.exe</arg>
		<arg name='pid'>14112</arg>
	</msg>
	<!-- Instrumentation filter's state:
    Patterns applicability:
        Generic loop pattern.....................: enabled
        Generic loop pattern (with dynamic jumps): enabled
        Known trip value loop pattern............: enabled
        Runtime final value loop pattern.........: enabled
        No initial IV loop pattern...............: enabled
        IV step only loop pattern................: enabled
        No entry loop pattern....................: enabled
    Clustered memory model (CMM) applicability:
        Generic loop pattern.....................: enabled
        Generic loop pattern (with dynamic jumps): enabled
        Known trip value loop pattern............: enabled
        Runtime final value loop pattern.........: enabled
        No initial IV loop pattern...............: enabled
        IV step only loop pattern................: enabled
        No entry loop pattern....................: disabled
 -->
	<!-- Callstack mode:
    filter modules.........: true
    filter routines........: true
    count loops............: false
    count flops............: false
    trace..................: false
    extended trace.........: false
    omp trace..............: false
    failures trace.........: false
    dump raw...............: false
    dump final.............: false
    dump all...............: false
    stack stitching........: true
    stl profiling..........: false
    aggressive frame switch: true
    unwind frame exit......: true
    analyze child loops....: true
 -->
	<!-- Managed application profiling: -->
	<!-- 	State...................: enabled -->
	<msg id='2' display='false' source='trc'>
		<type>PROCESS_ANALYSIS_MODE</type>
		<severity>INFO</severity>
		<timestamp>Thu May 14 14:55:10 2020</timestamp>
		<arg name='mode'>full</arg>
	</msg>
	<msg id='3' display='false' source='trc'>
		<type>LOAD_MODULE</type>
		<severity>INFO</severity>
		<timestamp>Thu May 14 14:55:10 2020</timestamp>
		<arg name='module'>C:\Users\–ù–∞—Ç–∞\Desktop\IPS\task2\project\task\Release\Task.exe</arg>
		<arg name='basement'>0x7a0000</arg>
		<arg name='ceiling'>0x7b3fff</arg>
	</msg>
	<!-- Instrumentation of C:\Users\–ù–∞—Ç–∞\Desktop\IPS\task2\project\task\Release\Task.exe image skipped because of filter conditions [cs-mode]. -->
	<msg id='4' display='false' source='trc'>
		<type>LOAD_MODULE</type>
		<severity>INFO</severity>
		<timestamp>Thu May 14 14:55:10 2020</timestamp>
		<arg name='module'>C:\Windows\SysWOW64\KernelBase.dll</arg>
		<arg name='basement'>0x75bc0000</arg>
		<arg name='ceiling'>0x75dbdfff</arg>
	</msg>
	<!-- Instrumentation of C:\Windows\SysWOW64\KernelBase.dll image skipped because of filter conditions [cs-mode]. -->
	<msg id='5' display='false' source='trc'>
		<type>LOAD_MODULE</type>
		<severity>INFO</severity>
		<timestamp>Thu May 14 14:55:10 2020</timestamp>
		<arg name='module'>C:\Windows\SysWOW64\kernel32.dll</arg>
		<arg name='basement'>0x77300000</arg>
		<arg name='ceiling'>0x773dffff</arg>
	</msg>
	<!-- Instrumentation of C:\Windows\SysWOW64\kernel32.dll image skipped because of filter conditions [cs-mode]. -->
	<msg id='6' display='false' source='trc'>
		<type>LOAD_MODULE</type>
		<severity>INFO</severity>
		<timestamp>Thu May 14 14:55:10 2020</timestamp>
		<arg name='module'>C:\Windows\SysWOW64\ntdll.dll</arg>
		<arg name='basement'>0x77dc0000</arg>
		<arg name='ceiling'>0x77f59fff</arg>
	</msg>
	<!-- NtDelayExecution was replaced in ntdll.dll -->
	<!-- Instrumentation of C:\Windows\SysWOW64\ntdll.dll image skipped because of filter conditions [cs-mode]. -->
	<msg id='7' display='false' source='trc'>
		<type>LOAD_MODULE</type>
		<severity>INFO</severity>
		<timestamp>Thu May 14 14:55:10 2020</timestamp>
		<arg name='module'>C:\Windows\SysWOW64\ucrtbase.dll</arg>
		<arg name='basement'>0x77660000</arg>
		<arg name='ceiling'>0x7777efff</arg>
	</msg>
	<!-- Instrumentation of C:\Windows\SysWOW64\ucrtbase.dll image skipped because of filter conditions [cs-mode]. -->
	<msg id='8' display='false' source='trc'>
		<type>LOAD_MODULE</type>
		<severity>INFO</severity>
		<timestamp>Thu May 14 14:55:10 2020</timestamp>
		<arg name='module'>C:\Windows\SysWOW64\vcruntime140.dll</arg>
		<arg name='basement'>0x71710000</arg>
		<arg name='ceiling'>0x71723fff</arg>
	</msg>
	<!-- Instrumentation of C:\Windows\SysWOW64\vcruntime140.dll image skipped because of filter conditions [cs-mode]. -->
	<msg id='9' display='false' source='trc'>
		<type>LOAD_MODULE</type>
		<severity>INFO</severity>
		<timestamp>Thu May 14 14:55:10 2020</timestamp>
		<arg name='module'>C:\Windows\SysWOW64\msvcp140.dll</arg>
		<arg name='basement'>0x714b0000</arg>
		<arg name='ceiling'>0x7151ffff</arg>
	</msg>
	<!-- Instrumentation of C:\Windows\SysWOW64\msvcp140.dll image skipped because of filter conditions [cs-mode]. -->