<?xml version="1.0" encoding="utf-8" ?>
<!-- DO NOT EDIT THIS FILE -->

<log version='2.0' source='tcet'>
	<!-- Sampling enabled with the following: -->
	<!--     Budget                              5: -->
	<!--     Overdraft Budget                   75: -->
	<!--     Savings Budget                      2: -->
	<!-- Opened annotation file C:\Program Files (x86)\IntelSWTools\Inspector 2019\bin32\..\config\tc\qt.ant -->
	<!-- Opened annotation file C:\Program Files (x86)\IntelSWTools\Inspector 2019\bin32\..\config\tc\cpp11.ant -->
	<!-- Opened annotation file C:\Program Files (x86)\IntelSWTools\Inspector 2019\bin32\..\config\tc\fortran.ant -->
	<!-- Opened annotation file C:\Program Files (x86)\IntelSWTools\Inspector 2019\bin32\..\config\tc\icl.ant -->
	<!-- Opened annotation file C:\Program Files (x86)\IntelSWTools\Inspector 2019\bin32\..\config\tc\allocators.ant -->
	<!-- Opened annotation file C:\Program Files (x86)\IntelSWTools\Inspector 2019\bin32\..\config\tc\boost.ant -->
	<!-- Opened annotation file C:\Program Files (x86)\IntelSWTools\Inspector 2019\bin32\..\config\tc\system_api_filter.ant -->
	<!-- Opened annotation file C:\Program Files (x86)\IntelSWTools\Inspector 2019\bin32\..\config\tc\system_api.ant -->
	<msg id='1' display='false' source='tccore'>
		<type>START</type>
		<severity>INFO</severity>
		<timestamp>Wed May 20 18:35:47 2020</timestamp>
	</msg>
	<!-- Successfully loaded CCRT 13.4.2 at address 0x78ea0000 - 0x791a4000 -->
	<!-- Successfully loaded the TC Analysis Core 8.12.15 at address 0x7aaf0000 - 0x7ab19000 -->
	<!-- Successfully loaded the TC Instrumentation Engine 8.12.15 at address 0x7a670000 - 0x7a876000 -->
	<!-- This is the instance of interest -->
	<msg id='2' source='tcet'>
		<type>EXEC_OF_INTEREST</type>
		<severity>INFO</severity>
		<timestamp>Wed May 20 18:35:47 2020</timestamp>
		<arg name='process'>c:\users\Ната\desktop\ips\task2\project\Новая папка\project\task\debug\task.exe</arg>
		<arg name='pid'>4696</arg>
	</msg>
	<msg id='3' source='tcet'>
		<type>LOAD_MODULE</type>
		<severity>INFO</severity>
		<timestamp>Wed May 20 18:35:47 2020</timestamp>
		<arg name='module'>c:\users\Ната\desktop\ips\task2\project\Новая папка\project\task\debug\task.exe</arg>
		<arg name='basement'>0xaf0000</arg>
		<arg name='ceiling'>0xb1afff</arg>
	</msg>
	<msg id='4' source='tcet'>
		<type>LOAD_MODULE</type>
		<severity>INFO</severity>
		<timestamp>Wed May 20 18:35:47 2020</timestamp>
		<arg name='module'>c:\windows\syswow64\kernel32.dll</arg>
		<arg name='basement'>0x755f0000</arg>
		<arg name='ceiling'>0x756cffff</arg>
	</msg>
	<!-- Target OS: Win8 or Server 2K2012 or later -->
	<msg id='5' source='tcet'>
		<type>LOAD_MODULE</type>
		<severity>INFO</severity>
		<timestamp>Wed May 20 18:35:47 2020</timestamp>
		<arg name='module'>c:\windows\syswow64\kernelbase.dll</arg>
		<arg name='basement'>0x75840000</arg>
		<arg name='ceiling'>0x75a3dfff</arg>
	</msg>
	<!-- Target OS: Win8 or Server 2K2012 or later -->
	<msg id='6' source='tcet'>
		<type>LOAD_MODULE</type>
		<severity>INFO</severity>
		<timestamp>Wed May 20 18:35:47 2020</timestamp>
		<arg name='module'>c:\windows\syswow64\ntdll.dll</arg>
		<arg name='basement'>0x77890000</arg>
		<arg name='ceiling'>0x77a29fff</arg>
	</msg>
	<!-- Target OS: Win8 or Server 2K2012 or later -->
	<msg id='7' source='tcet'>
		<type>LOAD_MODULE</type>
		<severity>INFO</severity>
		<timestamp>Wed May 20 18:35:47 2020</timestamp>
		<arg name='module'>c:\windows\syswow64\vcruntime140d.dll</arg>
		<arg name='basement'>0x7bc20000</arg>
		<arg name='ceiling'>0x7bc3cfff</arg>
	</msg>
	<msg id='8' source='tcet'>
		<type>LOAD_MODULE</type>
		<severity>INFO</severity>
		<timestamp>Wed May 20 18:35:47 2020</timestamp>
		<arg name='module'>c:\windows\syswow64\msvcp140d.dll</arg>
		<arg name='basement'>0x78780000</arg>
		<arg name='ceiling'>0x78836fff</arg>
	</msg>
	<msg id='9' source='tcet'>
		<type>LOAD_MODULE</type>
		<severity>INFO</severity>
		<timestamp>Wed May 20 18:35:48 2020</timestamp>
		<arg name='module'>c:\program files (x86)\intelswtools\compilers_and_libraries_2019.5.281\windows\redist\ia32_win\compiler\libmmdd.dll</arg>
		<arg name='basement'>0x7b750000</arg>
		<arg name='ceiling'>0x7bbcffff</arg>
	</msg>
	<!-- Found ZCA section with version 1.1 -->
	<!-- Found ZCA section with version 1.1 -->
	<!-- Found ZCA section with version 1.1 -->
	<!-- Found ZCA section with version 1.1 -->
	<!-- Found ZCA section with version 1.1 -->
	<!-- Found ZCA section with version 1.1 -->
	<!-- Found ZCA section with version 1.1 -->
	<!-- Found ZCA section with version 1.1 -->
	<!-- Found ZCA section with version 1.1 -->
	<!-- Found ZCA section with version 1.1 -->
	<!-- Found ZCA section with version 1.1 -->
	<!-- Found ZCA section with version 1.1 -->
	<!-- Found ZCA section with version 1.1 -->
	<!-- Found ZCA section with version 1.1 -->
	<!-- Found ZCA section with version 1.1 -->
	<!-- Found ZCA section with version 1.1 -->
	<!-- Found ZCA section with version 1.1 -->
	<!-- Found ZCA section with version 1.1 -->
	<!-- Found ZCA section with version 1.1 -->
	<!-- Found ZCA section with version 1.1 -->
	<!-- Found ZCA section with version 1.1 -->
	<!-- Found ZCA section with version 1.1 -->
	<!-- Found ZCA section with version 1.1 -->
	<!-- Found ZCA section with version 1.1 -->
	<!-- Found ZCA section with version 1.1 -->
	<!-- Found ZCA section with version 1.1 -->
	<!-- Found ZCA section with version 1.1 -->
	<msg id='10' source='tcet'>
		<type>LOAD_MODULE</type>
		<severity>INFO</severity>
		<timestamp>Wed May 20 18:35:48 2020</timestamp>
		<arg name='module'>c:\program files (x86)\intelswtools\compilers_and_libraries_2019.5.281\windows\redist\ia32_win\compiler\cilkrts20.dll</arg>
		<arg name='basement'>0x7bbd0000</arg>
		<arg name='ceiling'>0x7bc17fff</arg>
	</msg>
	<msg id='11' source='tcet'>
		<type>LOAD_MODULE</type>
		<severity>INFO</severity>
		<timestamp>Wed May 20 18:35:48 2020</timestamp>
		<arg name='module'>c:\windows\syswow64\ucrtbased.dll</arg>
		<arg name='basement'>0x795e0000</arg>
		<arg name='ceiling'>0x79754fff</arg>
	</msg>
	<msg id='12' source='tcet'>
		<type>LOAD_MODULE</type>
		<severity>INFO</severity>
		<timestamp>Wed May 20 18:35:48 2020</timestamp>
		<arg name='module'>c:\windows\syswow64\user32.dll</arg>
		<arg name='basement'>0x763f0000</arg>
		<arg name='ceiling'>0x76586fff</arg>
	</msg>
	<msg id='13' source='tcet'>
		<type>LOAD_MODULE</type>
		<severity>INFO</severity>
		<timestamp>Wed May 20 18:35:48 2020</timestamp>
		<arg name='module'>c:\windows\syswow64\win32u.dll</arg>
		<arg name='basement'>0x76e00000</arg>
		<arg name='ceiling'>0x76e16fff</arg>
	</msg>
	<!-- Routine at entry point of image c:\windows\syswow64\win32u.dll is invalid -->
	<msg id='14' source='tcet'>
		<type>LOAD_MODULE</type>
		<severity>INFO</severity>
		<timestamp>Wed May 20 18:35:49 2020</timestamp>
		<arg name='module'>c:\windows\syswow64\gdi32.dll</arg>
		<arg name='basement'>0x75430000</arg>
		<arg name='ceiling'>0x75450fff</arg>
	</msg>
	<msg id='15' source='tcet'>
		<type>LOAD_MODULE</type>
		<severity>INFO</severity>
		<timestamp>Wed May 20 18:35:49 2020</timestamp>
		<arg name='module'>c:\windows\syswow64\gdi32full.dll</arg>
		<arg name='basement'>0x774f0000</arg>
		<arg name='ceiling'>0x77649fff</arg>
	</msg>
	<msg id='16' source='tcet'>
		<type>LOAD_MODULE</type>
		<severity>INFO</severity>
		<timestamp>Wed May 20 18:35:49 2020</timestamp>
		<arg name='module'>c:\windows\syswow64\msvcp_win.dll</arg>
		<arg name='basement'>0x75a40000</arg>
		<arg name='ceiling'>0x75abbfff</arg>
	</msg>
	<msg id='17' source='tcet'>
		<type>LOAD_MODULE</type>
		<severity>INFO</severity>
		<timestamp>Wed May 20 18:35:49 2020</timestamp>
		<arg name='module'>c:\windows\syswow64\ucrtbase.dll</arg>
		<arg name='basement'>0x75080000</arg>
		<arg name='ceiling'>0x7519efff</arg>
	</msg>
	<msg id='18' source='tcet'>
		<type>LOAD_MODULE</type>
		<severity>INFO</severity>
		<timestamp>Wed May 20 18:35:51 2020</timestamp>
		<arg name='module'>c:\windows\syswow64\imm32.dll</arg>
		<arg name='basement'>0x754a0000</arg>
		<arg name='ceiling'>0x754c4fff</arg>
	</msg>
	<msg id='19' source='tcet'>
		<type>LOAD_MODULE</type>
		<severity>INFO</severity>
		<timestamp>Wed May 20 18:35:51 2020</timestamp>
		<arg name='module'>c:\program files (x86)\intelswtools\inspector 2019\bin32\runtime\libittnotify.dll</arg>
		<arg name='basement'>0x799b0000</arg>
		<arg name='ceiling'>0x799dcfff</arg>
	</msg>
	<!-- Target OS: Win8 or Server 2K2012 or later -->
	<msg id='20' display='false' source='tcet'>
		<type>HEARTBEAT</type>
		<severity>INFO</severity>
		<timestamp>Wed May 20 18:35:52 2020</timestamp>
		<arg name='tids'>17744,12808,960,12728</arg>
		<arg name='syscalls'>1,1,1,0</arg>
		<arg name='calls'>1964,16838,2146,191016</arg>
	</msg>
	<msg id='21' display='false' source='tcet'>
		<type>HEARTBEAT</type>
		<severity>INFO</severity>
		<timestamp>Wed May 20 18:35:53 2020</timestamp>
		<arg name='tids'>17744,12808,960,12728</arg>
		<arg name='syscalls'>1,1,1,0</arg>
		<arg name='calls'>0,0,0,6025819</arg>
	</msg>
	<msg id='22' source='tcet'>
		<type>LOAD_MODULE</type>
		<severity>INFO</severity>
		<timestamp>Wed May 20 18:35:54 2020</timestamp>
		<arg name='module'>c:\windows\syswow64\kernel.appcore.dll</arg>
		<arg name='basement'>0x755e0000</arg>
		<arg name='ceiling'>0x755eefff</arg>
	</msg>
	<msg id='23' source='tcet'>
		<type>LOAD_MODULE</type>
		<severity>INFO</severity>
		<timestamp>Wed May 20 18:35:54 2020</timestamp>
		<arg name='module'>c:\windows\syswow64\msvcrt.dll</arg>
		<arg name='basement'>0x75c30000</arg>
		<arg name='ceiling'>0x75ceefff</arg>
	</msg>
	<msg id='24' source='tcet'>
		<type>LOAD_MODULE</type>
		<severity>INFO</severity>
		<timestamp>Wed May 20 18:35:54 2020</timestamp>
		<arg name='module'>c:\windows\syswow64\rpcrt4.dll</arg>
		<arg name='basement'>0x76ca0000</arg>
		<arg name='ceiling'>0x76d5afff</arg>
	</msg>
	<msg id='25' source='tcet'>
		<type>LOAD_MODULE</type>
		<severity>INFO</severity>
		<timestamp>Wed May 20 18:35:54 2020</timestamp>
		<arg name='module'>c:\windows\syswow64\sspicli.dll</arg>
		<arg name='basement'>0x75060000</arg>
		<arg name='ceiling'>0x7507ffff</arg>
	</msg>
	<msg id='26' source='tcet'>
		<type>LOAD_MODULE</type>
		<severity>INFO</severity>
		<timestamp>Wed May 20 18:35:54 2020</timestamp>
		<arg name='module'>c:\windows\syswow64\cryptbase.dll</arg>
		<arg name='basement'>0x75050000</arg>
		<arg name='ceiling'>0x75059fff</arg>
	</msg>
	<msg id='27' source='tcet'>
		<type>LOAD_MODULE</type>
		<severity>INFO</severity>
		<timestamp>Wed May 20 18:35:54 2020</timestamp>
		<arg name='module'>c:\windows\syswow64\bcryptprimitives.dll</arg>
		<arg name='basement'>0x75580000</arg>
		<arg name='ceiling'>0x755defff</arg>
	</msg>
	<msg id='28' source='tcet'>
		<type>LOAD_MODULE</type>
		<severity>INFO</severity>
		<timestamp>Wed May 20 18:35:54 2020</timestamp>
		<arg name='module'>c:\windows\syswow64\sechost.dll</arg>
		<arg name='basement'>0x75250000</arg>
		<arg name='ceiling'>0x752c5fff</arg>
	</msg>
	<msg id='29' display='false' source='tcet'>
		<type>HEARTBEAT</type>
		<severity>INFO</severity>
		<timestamp>Wed May 20 18:35:54 2020</timestamp>
		<arg name='tids'>17744,12808,960,12728</arg>
		<arg name='syscalls'>1,1,1,0</arg>
		<arg name='calls'>3,504,1619,5182089</arg>
	</msg>
	<!-- A thread end notification for 2 was received by thread 0 -->
	<!-- A thread end notification for 3 was received by thread 0 -->
	<!-- A thread end notification for 4 was received by thread 0 -->
	<!-- Thread 0 effective sampling rate is 0/0 -->
	<msg id='30' source='tcet'>
		<type>UNLOAD_MODULE</type>
		<severity>INFO</severity>
		<timestamp>Wed May 20 18:35:55 2020</timestamp>
		<arg name='module'>c:\users\Ната\desktop\ips\task2\project\Новая папка\project\task\debug\task.exe</arg>
	</msg>
	<msg id='31' source='tcet'>
		<type>UNLOAD_MODULE</type>
		<severity>INFO</severity>
		<timestamp>Wed May 20 18:35:55 2020</timestamp>
		<arg name='module'>c:\windows\syswow64\kernel32.dll</arg>
	</msg>
	<msg id='32' source='tcet'>
		<type>UNLOAD_MODULE</type>
		<severity>INFO</severity>
		<timestamp>Wed May 20 18:35:55 2020</timestamp>
		<arg name='module'>c:\windows\syswow64\kernelbase.dll</arg>
	</msg>
	<msg id='33' source='tcet'>
		<type>UNLOAD_MODULE</type>
		<severity>INFO</severity>
		<timestamp>Wed May 20 18:35:55 2020</timestamp>
		<arg name='module'>c:\windows\syswow64\ntdll.dll</arg>
	</msg>
	<msg id='34' source='tcet'>
		<type>UNLOAD_MODULE</type>
		<severity>INFO</severity>
		<timestamp>Wed May 20 18:35:55 2020</timestamp>
		<arg name='module'>c:\windows\syswow64\vcruntime140d.dll</arg>
	</msg>
	<msg id='35' source='tcet'>
		<type>UNLOAD_MODULE</type>
		<severity>INFO</severity>
		<timestamp>Wed May 20 18:35:55 2020</timestamp>
		<arg name='module'>c:\windows\syswow64\msvcp140d.dll</arg>
	</msg>
	<msg id='36' source='tcet'>
		<type>UNLOAD_MODULE</type>
		<severity>INFO</severity>
		<timestamp>Wed May 20 18:35:55 2020</timestamp>
		<arg name='module'>c:\program files (x86)\intelswtools\compilers_and_libraries_2019.5.281\windows\redist\ia32_win\compiler\libmmdd.dll</arg>
	</msg>
	<msg id='37' source='tcet'>
		<type>UNLOAD_MODULE</type>
		<severity>INFO</severity>
		<timestamp>Wed May 20 18:35:55 2020</timestamp>
		<arg name='module'>c:\program files (x86)\intelswtools\compilers_and_libraries_2019.5.281\windows\redist\ia32_win\compiler\cilkrts20.dll</arg>
	</msg>
	<msg id='38' source='tcet'>
		<type>UNLOAD_MODULE</type>
		<severity>INFO</severity>
		<timestamp>Wed May 20 18:35:55 2020</timestamp>
		<arg name='module'>c:\windows\syswow64\ucrtbased.dll</arg>
	</msg>
	<msg id='39' source='tcet'>
		<type>UNLOAD_MODULE</type>
		<severity>INFO</severity>
		<timestamp>Wed May 20 18:35:55 2020</timestamp>
		<arg name='module'>c:\windows\syswow64\user32.dll</arg>
	</msg>
	<msg id='40' source='tcet'>
		<type>UNLOAD_MODULE</type>
		<severity>INFO</severity>
		<timestamp>Wed May 20 18:35:55 2020</timestamp>
		<arg name='module'>c:\windows\syswow64\win32u.dll</arg>
	</msg>
	<msg id='41' source='tcet'>
		<type>UNLOAD_MODULE</type>
		<severity>INFO</severity>
		<timestamp>Wed May 20 18:35:55 2020</timestamp>
		<arg name='module'>c:\windows\syswow64\gdi32.dll</arg>
	</msg>
	<msg id='42' source='tcet'>
		<type>UNLOAD_MODULE</type>
		<severity>INFO</severity>
		<timestamp>Wed May 20 18:35:55 2020</timestamp>
		<arg name='module'>c:\windows\syswow64\gdi32full.dll</arg>
	</msg>
	<msg id='43' source='tcet'>
		<type>UNLOAD_MODULE</type>
		<severity>INFO</severity>
		<timestamp>Wed May 20 18:35:55 2020</timestamp>
		<arg name='module'>c:\windows\syswow64\msvcp_win.dll</arg>
	</msg>
	<msg id='44' source='tcet'>
		<type>UNLOAD_MODULE</type>
		<severity>INFO</severity>
		<timestamp>Wed May 20 18:35:55 2020</timestamp>
		<arg name='module'>c:\windows\syswow64\ucrtbase.dll</arg>
	</msg>
	<msg id='45' source='tcet'>
		<type>UNLOAD_MODULE</type>
		<severity>INFO</severity>
		<timestamp>Wed May 20 18:35:55 2020</timestamp>
		<arg name='module'>c:\windows\syswow64\imm32.dll</arg>
	</msg>
	<msg id='46' source='tcet'>
		<type>UNLOAD_MODULE</type>
		<severity>INFO</severity>
		<timestamp>Wed May 20 18:35:55 2020</timestamp>
		<arg name='module'>c:\program files (x86)\intelswtools\inspector 2019\bin32\runtime\libittnotify.dll</arg>
	</msg>
	<msg id='47' source='tcet'>
		<type>UNLOAD_MODULE</type>
		<severity>INFO</severity>
		<timestamp>Wed May 20 18:35:55 2020</timestamp>
		<arg name='module'>c:\windows\syswow64\kernel.appcore.dll</arg>
	</msg>
	<msg id='48' source='tcet'>
		<type>UNLOAD_MODULE</type>
		<severity>INFO</severity>
		<timestamp>Wed May 20 18:35:55 2020</timestamp>
		<arg name='module'>c:\windows\syswow64\msvcrt.dll</arg>
	</msg>
	<msg id='49' source='tcet'>
		<type>UNLOAD_MODULE</type>
		<severity>INFO</severity>
		<timestamp>Wed May 20 18:35:55 2020</timestamp>
		<arg name='module'>c:\windows\syswow64\rpcrt4.dll</arg>
	</msg>
	<msg id='50' source='tcet'>
		<type>UNLOAD_MODULE</type>
		<severity>INFO</severity>
		<timestamp>Wed May 20 18:35:55 2020</timestamp>
		<arg name='module'>c:\windows\syswow64\sspicli.dll</arg>
	</msg>
	<msg id='51' source='tcet'>
		<type>UNLOAD_MODULE</type>
		<severity>INFO</severity>
		<timestamp>Wed May 20 18:35:55 2020</timestamp>
		<arg name='module'>c:\windows\syswow64\cryptbase.dll</arg>
	</msg>
	<msg id='52' source='tcet'>
		<type>UNLOAD_MODULE</type>
		<severity>INFO</severity>
		<timestamp>Wed May 20 18:35:55 2020</timestamp>
		<arg name='module'>c:\windows\syswow64\bcryptprimitives.dll</arg>
	</msg>
	<msg id='53' source='tcet'>
		<type>UNLOAD_MODULE</type>
		<severity>INFO</severity>
		<timestamp>Wed May 20 18:35:55 2020</timestamp>
		<arg name='module'>c:\windows\syswow64\sechost.dll</arg>
	</msg>
	<msg id='54' source='tcet'>
		<type>PROCESS_TERMINATE</type>
		<severity>INFO</severity>
		<timestamp>Wed May 20 18:35:55 2020</timestamp>
		<arg name='process'>c:\users\Ната\desktop\ips\task2\project\Новая папка\project\task\debug\task.exe</arg>
		<arg name='pid'>4696</arg>
	</msg>
	<msg id='55' display='false' source='tccore'>
		<type>ANALYSIS_COMPLETE</type>
		<severity>INFO</severity>
		<timestamp>Wed May 20 18:35:55 2020</timestamp>
	</msg>
	<msg id='56' display='false' source='tccore'>
		<type>STOP</type>
		<severity>INFO</severity>
		<timestamp>Wed May 20 18:35:55 2020</timestamp>
	</msg>
</log>