<?xml version="1.0" encoding="utf-8"?>
<log version="1.0" tool="runtool">

<msg id="1" tool="runtool">
  <type>log-start</type>
  <arg>2020/05/20 18:38:54</arg>
</msg>
<msg id="2" tool="runtool">
  <type>collector-starts</type>
</msg>
<msg id="3" tool="runtool">
  <type>marker-file</type>
  <arg>C:\Users\Ната\Desktop\IPS\task2\project\Новая папка\project\task\My Inspector Results - Task\r007ti3\r007ti3.inspxe</arg>
</msg>
<msg id="4" tool="tc">
  <type>START</type>
  <severity>INFO</severity>
  <timestamp>Wed May 20 18:38:54 2020</timestamp>
</msg>
<msg id="5" tool="tc">
  <type>EXEC_OF_INTEREST</type>
  <arg>c:\users\Ната\desktop\ips\task2\project\Новая папка\project\task\debug\task.exe</arg>
  <arg>7220</arg>
  <severity>INFO</severity>
  <timestamp>Wed May 20 18:38:54 2020</timestamp>
</msg>
<msg id="6" tool="tc">
  <type>LOAD_MODULE</type>
  <arg>c:\users\Ната\desktop\ips\task2\project\Новая папка\project\task\debug\task.exe</arg>
  <arg>0xaf0000</arg>
  <arg>0xb1afff</arg>
  <severity>INFO</severity>
  <timestamp>Wed May 20 18:38:54 2020</timestamp>
</msg>
<msg id="7" tool="tc">
  <type>LOAD_MODULE</type>
  <arg>c:\windows\syswow64\kernel32.dll</arg>
  <arg>0x755f0000</arg>
  <arg>0x756cffff</arg>
  <severity>INFO</severity>
  <timestamp>Wed May 20 18:38:54 2020</timestamp>
</msg>
<msg id="8" tool="tc">
  <type>LOAD_MODULE</type>
  <arg>c:\windows\syswow64\kernelbase.dll</arg>
  <arg>0x75840000</arg>
  <arg>0x75a3dfff</arg>
  <severity>INFO</severity>
  <timestamp>Wed May 20 18:38:54 2020</timestamp>
</msg>
<msg id="9" tool="tc">
  <type>LOAD_MODULE</type>
  <arg>c:\windows\syswow64\ntdll.dll</arg>
  <arg>0x77890000</arg>
  <arg>0x77a29fff</arg>
  <severity>INFO</severity>
  <timestamp>Wed May 20 18:38:54 2020</timestamp>
</msg>
<msg id="10" tool="tc">
  <type>LOAD_MODULE</type>
  <arg>c:\windows\syswow64\msvcp140d.dll</arg>
  <arg>0x78780000</arg>
  <arg>0x78836fff</arg>
  <severity>INFO</severity>
  <timestamp>Wed May 20 18:38:55 2020</timestamp>
</msg>
<msg id="11" tool="tc">
  <type>LOAD_MODULE</type>
  <arg>c:\windows\syswow64\vcruntime140d.dll</arg>
  <arg>0x7bc20000</arg>
  <arg>0x7bc3cfff</arg>
  <severity>INFO</severity>
  <timestamp>Wed May 20 18:38:55 2020</timestamp>
</msg>
<msg id="12" tool="tc">
  <type>LOAD_MODULE</type>
  <arg>c:\program files (x86)\intelswtools\compilers_and_libraries_2019.5.281\windows\redist\ia32_win\compiler\libmmdd.dll</arg>
  <arg>0x7b750000</arg>
  <arg>0x7bbcffff</arg>
  <severity>INFO</severity>
  <timestamp>Wed May 20 18:38:55 2020</timestamp>
</msg>
<msg id="13" tool="tc">
  <type>LOAD_MODULE</type>
  <arg>c:\program files (x86)\intelswtools\compilers_and_libraries_2019.5.281\windows\redist\ia32_win\compiler\cilkrts20.dll</arg>
  <arg>0x7bbd0000</arg>
  <arg>0x7bc17fff</arg>
  <severity>INFO</severity>
  <timestamp>Wed May 20 18:38:55 2020</timestamp>
</msg>
<msg id="14" tool="tc">
  <type>LOAD_MODULE</type>
  <arg>c:\windows\syswow64\ucrtbased.dll</arg>
  <arg>0x795e0000</arg>
  <arg>0x79754fff</arg>
  <severity>INFO</severity>
  <timestamp>Wed May 20 18:38:55 2020</timestamp>
</msg>
<msg id="15" tool="tc">
  <type>LOAD_MODULE</type>
  <arg>c:\windows\syswow64\user32.dll</arg>
  <arg>0x763f0000</arg>
  <arg>0x76586fff</arg>
  <severity>INFO</severity>
  <timestamp>Wed May 20 18:38:56 2020</timestamp>
</msg>
<msg id="16" tool="tc">
  <type>LOAD_MODULE</type>
  <arg>c:\windows\syswow64\win32u.dll</arg>
  <arg>0x76e00000</arg>
  <arg>0x76e16fff</arg>
  <severity>INFO</severity>
  <timestamp>Wed May 20 18:38:56 2020</timestamp>
</msg>
<msg id="17" tool="tc">
  <type>LOAD_MODULE</type>
  <arg>c:\windows\syswow64\gdi32.dll</arg>
  <arg>0x75430000</arg>
  <arg>0x75450fff</arg>
  <severity>INFO</severity>
  <timestamp>Wed May 20 18:38:56 2020</timestamp>
</msg>
<msg id="18" tool="tc">
  <type>LOAD_MODULE</type>
  <arg>c:\windows\syswow64\gdi32full.dll</arg>
  <arg>0x774f0000</arg>
  <arg>0x77649fff</arg>
  <severity>INFO</severity>
  <timestamp>Wed May 20 18:38:56 2020</timestamp>
</msg>
<msg id="19" tool="tc">
  <type>LOAD_MODULE</type>
  <arg>c:\windows\syswow64\msvcp_win.dll</arg>
  <arg>0x75a40000</arg>
  <arg>0x75abbfff</arg>
  <severity>INFO</severity>
  <timestamp>Wed May 20 18:38:56 2020</timestamp>
</msg>
<msg id="20" tool="tc">
  <type>LOAD_MODULE</type>
  <arg>c:\windows\syswow64\ucrtbase.dll</arg>
  <arg>0x75080000</arg>
  <arg>0x7519efff</arg>
  <severity>INFO</severity>
  <timestamp>Wed May 20 18:38:56 2020</timestamp>
</msg>
<msg id="21" tool="tc">
  <type>LOAD_MODULE</type>
  <arg>c:\windows\syswow64\imm32.dll</arg>
  <arg>0x754a0000</arg>
  <arg>0x754c4fff</arg>
  <severity>INFO</severity>
  <timestamp>Wed May 20 18:38:58 2020</timestamp>
</msg>
<msg id="22" tool="tc">
  <type>LOAD_MODULE</type>
  <arg>c:\program files (x86)\intelswtools\inspector 2019\bin32\runtime\libittnotify.dll</arg>
  <arg>0x799b0000</arg>
  <arg>0x799dcfff</arg>
  <severity>INFO</severity>
  <timestamp>Wed May 20 18:38:58 2020</timestamp>
</msg>
<msg id="23" tool="tc">
  <type>HEARTBEAT</type>
  <arg>16748,17524,18172,10304</arg>
  <arg>1,1,1,0</arg>
  <arg>2741,16511,1451,187033</arg>
  <severity>INFO</severity>
  <timestamp>Wed May 20 18:38:59 2020</timestamp>
</msg>
<msg id="24" tool="tc">
  <type>HEARTBEAT</type>
  <arg>16748,17524,18172,10304</arg>
  <arg>1,1,1,0</arg>
  <arg>0,0,0,11440</arg>
  <severity>INFO</severity>
  <timestamp>Wed May 20 18:39:00 2020</timestamp>
</msg>
<msg id="25" tool="tc">
  <type>HEARTBEAT</type>
  <arg>16748,17524,18172,10304</arg>
  <arg>1,1,1,0</arg>
  <arg>0,0,0,5558801</arg>
  <severity>INFO</severity>
  <timestamp>Wed May 20 18:39:01 2020</timestamp>
</msg>
<msg id="26" tool="tc">
  <type>HEARTBEAT</type>
  <arg>16748,17524,18172,10304</arg>
  <arg>1,1,1,0</arg>
  <arg>0,0,0,492802</arg>
  <severity>INFO</severity>
  <timestamp>Wed May 20 18:39:02 2020</timestamp>
</msg>
<msg id="27" tool="tc">
  <type>LOAD_MODULE</type>
  <arg>c:\windows\syswow64\kernel.appcore.dll</arg>
  <arg>0x755e0000</arg>
  <arg>0x755eefff</arg>
  <severity>INFO</severity>
  <timestamp>Wed May 20 18:39:03 2020</timestamp>
</msg>
<msg id="28" tool="tc">
  <type>LOAD_MODULE</type>
  <arg>c:\windows\syswow64\msvcrt.dll</arg>
  <arg>0x75c30000</arg>
  <arg>0x75ceefff</arg>
  <severity>INFO</severity>
  <timestamp>Wed May 20 18:39:03 2020</timestamp>
</msg>
<msg id="29" tool="tc">
  <type>LOAD_MODULE</type>
  <arg>c:\windows\syswow64\rpcrt4.dll</arg>
  <arg>0x76ca0000</arg>
  <arg>0x76d5afff</arg>
  <severity>INFO</severity>
  <timestamp>Wed May 20 18:39:03 2020</timestamp>
</msg>
<msg id="30" tool="tc">
  <type>LOAD_MODULE</type>
  <arg>c:\windows\syswow64\sspicli.dll</arg>
  <arg>0x75060000</arg>
  <arg>0x7507ffff</arg>
  <severity>INFO</severity>
  <timestamp>Wed May 20 18:39:03 2020</timestamp>
</msg>
<msg id="31" tool="tc">
  <type>LOAD_MODULE</type>
  <arg>c:\windows\syswow64\cryptbase.dll</arg>
  <arg>0x75050000</arg>
  <arg>0x75059fff</arg>
  <severity>INFO</severity>
  <timestamp>Wed May 20 18:39:03 2020</timestamp>
</msg>
<msg id="32" tool="tc">
  <type>LOAD_MODULE</type>
  <arg>c:\windows\syswow64\bcryptprimitives.dll</arg>
  <arg>0x75580000</arg>
  <arg>0x755defff</arg>
  <severity>INFO</severity>
  <timestamp>Wed May 20 18:39:03 2020</timestamp>
</msg>
<msg id="33" tool="tc">
  <type>LOAD_MODULE</type>
  <arg>c:\windows\syswow64\sechost.dll</arg>
  <arg>0x75250000</arg>
  <arg>0x752c5fff</arg>
  <severity>INFO</severity>
  <timestamp>Wed May 20 18:39:03 2020</timestamp>
</msg>
<msg id="34" tool="tc">
  <type>HEARTBEAT</type>
  <arg>16748,17524,18172,10304</arg>
  <arg>1,1,1,0</arg>
  <arg>1054,1109,3,5157055</arg>
  <severity>INFO</severity>
  <timestamp>Wed May 20 18:39:03 2020</timestamp>
</msg>
<msg id="35" tool="tc">
  <type>UNLOAD_MODULE</type>
  <arg>c:\users\Ната\desktop\ips\task2\project\Новая папка\project\task\debug\task.exe</arg>
  <severity>INFO</severity>
  <timestamp>Wed May 20 18:39:04 2020</timestamp>
</msg>
<msg id="36" tool="tc">
  <type>UNLOAD_MODULE</type>
  <arg>c:\windows\syswow64\kernel32.dll</arg>
  <severity>INFO</severity>
  <timestamp>Wed May 20 18:39:04 2020</timestamp>
</msg>
<msg id="37" tool="tc">
  <type>UNLOAD_MODULE</type>
  <arg>c:\windows\syswow64\kernelbase.dll</arg>
  <severity>INFO</severity>
  <timestamp>Wed May 20 18:39:04 2020</timestamp>
</msg>
<msg id="38" tool="tc">
  <type>UNLOAD_MODULE</type>
  <arg>c:\windows\syswow64\ntdll.dll</arg>
  <severity>INFO</severity>
  <timestamp>Wed May 20 18:39:04 2020</timestamp>
</msg>
<msg id="39" tool="tc">
  <type>UNLOAD_MODULE</type>
  <arg>c:\windows\syswow64\msvcp140d.dll</arg>
  <severity>INFO</severity>
  <timestamp>Wed May 20 18:39:04 2020</timestamp>
</msg>
<msg id="40" tool="tc">
  <type>UNLOAD_MODULE</type>
  <arg>c:\windows\syswow64\vcruntime140d.dll</arg>
  <severity>INFO</severity>
  <timestamp>Wed May 20 18:39:04 2020</timestamp>
</msg>
<msg id="41" tool="tc">
  <type>UNLOAD_MODULE</type>
  <arg>c:\program files (x86)\intelswtools\compilers_and_libraries_2019.5.281\windows\redist\ia32_win\compiler\libmmdd.dll</arg>
  <severity>INFO</severity>
  <timestamp>Wed May 20 18:39:04 2020</timestamp>
</msg>
<msg id="42" tool="tc">
  <type>UNLOAD_MODULE</type>
  <arg>c:\program files (x86)\intelswtools\compilers_and_libraries_2019.5.281\windows\redist\ia32_win\compiler\cilkrts20.dll</arg>
  <severity>INFO</severity>
  <timestamp>Wed May 20 18:39:04 2020</timestamp>
</msg>
<msg id="43" tool="tc">
  <type>UNLOAD_MODULE</type>
  <arg>c:\windows\syswow64\ucrtbased.dll</arg>
  <severity>INFO</severity>
  <timestamp>Wed May 20 18:39:04 2020</timestamp>
</msg>
<msg id="44" tool="tc">
  <type>UNLOAD_MODULE</type>
  <arg>c:\windows\syswow64\user32.dll</arg>
  <severity>INFO</severity>
  <timestamp>Wed May 20 18:39:04 2020</timestamp>
</msg>
<msg id="45" tool="tc">
  <type>UNLOAD_MODULE</type>
  <arg>c:\windows\syswow64\win32u.dll</arg>
  <severity>INFO</severity>
  <timestamp>Wed May 20 18:39:04 2020</timestamp>
</msg>
<msg id="46" tool="tc">
  <type>UNLOAD_MODULE</type>
  <arg>c:\windows\syswow64\gdi32.dll</arg>
  <severity>INFO</severity>
  <timestamp>Wed May 20 18:39:04 2020</timestamp>
</msg>
<msg id="47" tool="tc">
  <type>UNLOAD_MODULE</type>
  <arg>c:\windows\syswow64\gdi32full.dll</arg>
  <severity>INFO</severity>
  <timestamp>Wed May 20 18:39:04 2020</timestamp>
</msg>
<msg id="48" tool="tc">
  <type>UNLOAD_MODULE</type>
  <arg>c:\windows\syswow64\msvcp_win.dll</arg>
  <severity>INFO</severity>
  <timestamp>Wed May 20 18:39:04 2020</timestamp>
</msg>
<msg id="49" tool="tc">
  <type>UNLOAD_MODULE</type>
  <arg>c:\windows\syswow64\ucrtbase.dll</arg>
  <severity>INFO</severity>
  <timestamp>Wed May 20 18:39:04 2020</timestamp>
</msg>
<msg id="50" tool="tc">
  <type>UNLOAD_MODULE</type>
  <arg>c:\windows\syswow64\imm32.dll</arg>
  <severity>INFO</severity>
  <timestamp>Wed May 20 18:39:04 2020</timestamp>
</msg>
<msg id="51" tool="tc">
  <type>UNLOAD_MODULE</type>
  <arg>c:\program files (x86)\intelswtools\inspector 2019\bin32\runtime\libittnotify.dll</arg>
  <severity>INFO</severity>
  <timestamp>Wed May 20 18:39:04 2020</timestamp>
</msg>
<msg id="52" tool="tc">
  <type>UNLOAD_MODULE</type>
  <arg>c:\windows\syswow64\kernel.appcore.dll</arg>
  <severity>INFO</severity>
  <timestamp>Wed May 20 18:39:04 2020</timestamp>
</msg>
<msg id="53" tool="tc">
  <type>UNLOAD_MODULE</type>
  <arg>c:\windows\syswow64\msvcrt.dll</arg>
  <severity>INFO</severity>
  <timestamp>Wed May 20 18:39:04 2020</timestamp>
</msg>
<msg id="54" tool="tc">
  <type>UNLOAD_MODULE</type>
  <arg>c:\windows\syswow64\rpcrt4.dll</arg>
  <severity>INFO</severity>
  <timestamp>Wed May 20 18:39:04 2020</timestamp>
</msg>
<msg id="55" tool="tc">
  <type>UNLOAD_MODULE</type>
  <arg>c:\windows\syswow64\sspicli.dll</arg>
  <severity>INFO</severity>
  <timestamp>Wed May 20 18:39:04 2020</timestamp>
</msg>
<msg id="56" tool="tc">
  <type>UNLOAD_MODULE</type>
  <arg>c:\windows\syswow64\cryptbase.dll</arg>
  <severity>INFO</severity>
  <timestamp>Wed May 20 18:39:04 2020</timestamp>
</msg>
<msg id="57" tool="tc">
  <type>UNLOAD_MODULE</type>
  <arg>c:\windows\syswow64\bcryptprimitives.dll</arg>
  <severity>INFO</severity>
  <timestamp>Wed May 20 18:39:04 2020</timestamp>
</msg>
<msg id="58" tool="tc">
  <type>UNLOAD_MODULE</type>
  <arg>c:\windows\syswow64\sechost.dll</arg>
  <severity>INFO</severity>
  <timestamp>Wed May 20 18:39:04 2020</timestamp>
</msg>
<msg id="59" tool="tc">
  <type>PROCESS_TERMINATE</type>
  <arg>c:\users\Ната\desktop\ips\task2\project\Новая папка\project\task\debug\task.exe</arg>
  <arg>7220</arg>
  <severity>INFO</severity>
  <timestamp>Wed May 20 18:39:04 2020</timestamp>
</msg>
<msg id="60" tool="tc">
  <type>ANALYSIS_COMPLETE</type>
  <severity>INFO</severity>
  <timestamp>Wed May 20 18:39:04 2020</timestamp>
</msg>
<msg id="61" tool="tc">
  <type>STOP</type>
  <severity>INFO</severity>
  <timestamp>Wed May 20 18:39:04 2020</timestamp>
</msg>
<msg id="62" tool="runtool">
  <type>app-exit-code</type>
  <arg>0</arg>
</msg>
<msg id="63" tool="runtool">
  <type>marker-file</type>
  <arg>C:\Users\Ната\Desktop\IPS\task2\project\Новая папка\project\task\My Inspector Results - Task\r007ti3\r007ti3.inspxe</arg>
</msg>
<msg id="64" tool="runtool">
  <type>collector-done</type>
</msg>
<msg id="65" tool="runtool">
  <type>log-end</type>
  <arg>2020/05/20 18:39:11</arg>
</msg>

</log>

