114 [6876] INFO perfrun.launcher <> - Launcher main begin
120 [6876] INFO perfrun.launcher <> - MessageCatalogInit finished
121 [6876] INFO perfrun.launcher <> - Launcher instance created
121 [6876] INFO perfrun.launcher <> - argc = 6; cmdline = C:\Program Files (x86)\IntelSWTools\Advisor 2019\bin64\advixe-runss.exe --ui-output-format xml --ui-output-fd 3952 --context-value-list 
171 [6876] INFO perfrun.launcher <> - New signal handler callback was added
180 [6876] INFO perfrun.launcher <> - plugin remoteplug has been added successfully
180 [6876] INFO perfrun.launcher <> - plugin system has been added successfully
180 [6876] INFO perfrun.launcher <> - plugin  has been added successfully
180 [6876] INFO perfrun.launcher <> - plugin  has been added successfully
180 [6876] INFO perfrun.launcher <> - plugin  has been added successfully
180 [6876] INFO perfrun.launcher <> - plugin  has been added successfully
180 [6876] INFO perfrun.launcher <> - plugin  has been added successfully
180 [6876] INFO perfrun.launcher <> - plugin  has been added successfully
180 [6876] INFO perfrun.launcher <> - plugin mrte has been added successfully
180 [6876] INFO perfrun.launcher <> - plugin  has been added successfully
180 [6876] INFO perfrun.launcher <> - plugin  has been added successfully
180 [6876] INFO perfrun.launcher <> - plugin  has been added successfully
180 [6876] INFO perfrun.launcher <> - plugin  has been added successfully
180 [6876] INFO perfrun.launcher <> - plugin  has been added successfully
180 [6876] INFO perfrun.launcher <> - plugin  has been added successfully
185 [6876] INFO perfrun.launcher <> - plugin tpss has been added successfully
185 [6876] INFO perfrun.launcher <> - plugin  has been added successfully
185 [6876] INFO perfrun.launcher <> - plugin  has been added successfully
185 [6876] INFO perfrun.launcher <> - plugin  has been added successfully
185 [6876] INFO perfrun.launcher <> - plugin  has been added successfully
185 [6876] INFO perfrun.launcher <> - plugin  has been added successfully
185 [6876] INFO perfrun.launcher <> - plugin  has been added successfully
185 [6876] INFO perfrun.launcher <> - plugin  has been added successfully
185 [6876] INFO perfrun.launcher <> - the option was added --interval: Specify an interval of data collection (for example, sampling) in milliseconds.
185 [6876] INFO perfrun.launcher <> - the option was added --follow-child: Profile process with or without children.
185 [6876] INFO perfrun.launcher <> - the option was added --gelding: BADMSG: perfrun1.launcher.plugin_manager::gelding
185 [6876] INFO perfrun.launcher <> - the option was added --time-source: Specify time source for measurement. Possible values: sys - wall clock time; tsc - time stamp counter; ext - time from an external source; auto - auto select accurate time source.
185 [6876] INFO perfrun.launcher <> - the option was added --stack: Enable or disable collection of stacks.
186 [6876] INFO perfrun.launcher <> - the option was added --stack-stitching: Enable or disable the stack stitching algorithm for Intel TBB-based applications.
186 [6876] INFO perfrun.launcher <> - the option was added --type: Specify type of data to be collected. For example, --type cpu:counters,waiting:nostack,io.
186 [6876] INFO perfrun.launcher <> - the option was added --mrte-mode: Specify Java/.NET/other managed runtime collection mode. Possible values: native - collect information only for native code; managed - collect information only for managed code; mixed - collect information for both managed and native code; auto - choose the mode based on binary type.
186 [6876] INFO perfrun.launcher <> - the option was added --mrte-mode-list: List supported Java/.NET/other managed runtime collection modes.
186 [6876] INFO perfrun.launcher <> - the option was added --mrte-type: Specify which managed runtimes to collect. Possible values: java - collect information for Java; dotnet - collect information for .NET; python - collect information for CPython. You can specify several values separated by comma.
186 [6876] INFO perfrun.launcher <> - the option was added --mrte-type-list: List supported Java/.NET/other managed runtime types.
186 [6876] INFO perfrun.launcher <> - the option was added --trace-strategy: Specify how to profile a process tree. <string> can be "<process>:trace:notrace" - profile the process but do not profile its children. Shorthand parameters: t - trace, nt - notrace. For example, "vtunedemo.exe:t:t".
186 [6876] INFO perfrun.launcher <> - the option was added --collector: BADMSG: perfrun1.launcher.plugin_manager::collector
186 [6876] INFO perfrun.launcher <> - the option was added --system-wide: Enable system-wide profiling. This mode may require additional permissions.
186 [6876] INFO perfrun.launcher <> - the option was added --kvm-guest: Enable KVM guest OS profiling.
187 [6876] INFO perfrun.launcher <> - the option was added --kvm-guest-kallsyms: Specify a local path to the /proc/kallsyms file copied from the guest OS for proper symbol resolution.
187 [6876] INFO perfrun.launcher <> - the option was added --kvm-guest-modules: Specify a local path to the /proc/modules file copied from the guest OS for proper symbol resolution.
187 [6876] INFO perfrun.launcher <> - the option was added --bandwidth-limits: Measure bandwidth limits
187 [6876] INFO perfrun.launcher <> - the option was added --bandwidth-strategy: Bandwidth limits determination specific properties (example: --bandwidth-strategy array-size=0,duration=500).
187 [6876] INFO perfrun.launcher <> - the option was added --bandwidth-config: List of benchmarks to run.
187 [6876] INFO perfrun.launcher <> - the option was added --system-collector-config: Specify subcollectors. Possible values: all, vdso, container, device-info, none.
187 [6876] INFO perfrun.launcher <> - the option was added --stackwalk: Specify stack unwinding method. Possible values: online - unwind stacks during collection; offline - unwind stacks after collection is finished.
187 [6876] INFO perfrun.launcher <> - the option was added --filter-include: Filter data during collection. Possible values: contended=<on|off> - filter out uncontended events; contended_nostack=<time> - filter out stacks for contended events that take less than <time> microseconds; wait=<time> - ignore transitions and blocks with wait time less than <time> microseconds; wait_nostack=<time> - filter out stacks for waits that take less than <time> microseconds.
187 [6876] INFO perfrun.launcher <> - the option was added --debug-pin: Debug PIN tool and runtime.
187 [6876] INFO perfrun.launcher <> - the option was added --debug-exception: Disallow the application to set own abnormal termination handler.
187 [6876] INFO perfrun.launcher <> - the option was added --trace-type: Specify the trace file granularity. Possible values: per-thread - per-thread trace file generation; per-process - per-process trace file generation.
187 [6876] INFO perfrun.launcher <> - the option was added --instrumentation-type: Specify type of instrumentation.
187 [6876] INFO perfrun.launcher <> - the option was added --guard-pulse-event: Enable handling of PulseEvent API in order not to miss signals made by the API during Hotspots collection.
188 [6876] INFO perfrun.launcher <> - the option was added --memory-strategy: Specify a minimal memory object size to be traced and a hash table size for faster objects search; for example: --memory-strategy obj-size-min=1024,hash-table-size=4096.
188 [6876] INFO perfrun.launcher <> - the option was added --opencl-trace-mode: Specify OpenCL kernel tracing modes: 'default' to trace OpenCL kernels for Intel Graphics Driver only; 'epoch' for any non-Intel graphics, where OpenCL kernels will be traced and OpenCL profiling API timestamps will be interpreted as Unux Epoch time in nanoseconds; 'completion' to trace OpenCL kernels for any Graphics Driver and bind OpenCL profiling API timestamps to the timestamp of OpenCL completion callback.
189 [6876] INFO perfrun.launcher <> - create msngr2::ICliToolContext
189 [6876] INFO perfrun.launcher <> - create file finder object
189 [6876] INFO perfrun.launcher <> - Put into the variant bag the context value: name = targetOS; value = Windows
189 [6876] INFO perfrun.launcher <> - Put into the variant bag the context value: name = OS; value = Windows
190 [6876] INFO perfrun.launcher <> - Put into the variant bag the context value: name = OSBuildNumber; value = 18363
190 [6876] INFO perfrun.launcher <> - Put into the variant bag the context value: name = OSBitness; value = 64
190 [6876] INFO perfrun.launcher <> - Put into the variant bag the context value: name = isPtraceScopeLimited; value = false
190 [6876] INFO perfrun.launcher <> - Put into the variant bag the context value: name = isCATSupportedByCPU; value = false
190 [6876] INFO perfrun.launcher <> - Put into the variant bag the context value: name = isTSXAvailable; value = false
190 [6876] INFO perfrun.launcher <> - Put into the variant bag the context value: name = isHTEnabled; value = true
190 [6876] INFO perfrun.launcher <> - Put into the variant bag the context value: name = fpgaOnBoard; value = None
190 [6876] INFO perfrun.launcher <> - Put into the variant bag the context value: name = omniPathOnBoard; value = None
190 [6876] INFO perfrun.launcher <> - Put into the variant bag the context value: name = pciClassParts; value = 
190 [6876] INFO perfrun.launcher <> - Put into the variant bag the context value: name = isSGXAvailable; value = true
190 [6876] INFO perfrun.launcher <> - Put into the variant bag the context value: name = Hypervisor; value = None
190 [6876] INFO perfrun.launcher <> - Put into the variant bag the context value: name = PerfmonVersion; value = 4
190 [6876] INFO perfrun.launcher <> - Put into the variant bag the context value: name = isMaxDRAMBandwidthMeasurementSupported; value = true
191 [6876] INFO perfrun.launcher <> - Put into the variant bag the context value: name = isTPSSAvailable; value = true
191 [6876] INFO perfrun.launcher <> - Put into the variant bag the context value: name = isPytraceAvailable; value = true
191 [6876] INFO perfrun.launcher <> - Put into the variant bag the context value: name = isGENDebugInfoAvailable; value = true
191 [6876] INFO perfrun.launcher <> - Put into the variant bag the context value: name = isGTPinCollectionAvailable; value = ErrorNotSupported
191 [6876] INFO perfrun.launcher <> - Application exit code: 0
191 [6876] INFO perfrun.launcher <> - Exit code: 0
