81 [10860] INFO perfrun.launcher <> - Launcher main begin
84 [10860] INFO perfrun.launcher <> - MessageCatalogInit finished
84 [10860] INFO perfrun.launcher <> - Launcher instance created
84 [10860] INFO perfrun.launcher <> - argc = 7; cmdline = C:\Program Files (x86)\IntelSWTools\Advisor 2019\bin64\advixe-runss.exe --ui-output-format xml --ui-output-fd 5396 --option-file C:\Users\Ната\Desktop\IPS\task2\project\task\My Advisor Results - task\e000\hs016\config\runss.options 
122 [10860] INFO perfrun.launcher <> - New signal handler callback was added
133 [10860] INFO perfrun.launcher <> - plugin remoteplug has been added successfully
133 [10860] INFO perfrun.launcher <> - plugin system has been added successfully
133 [10860] INFO perfrun.launcher <> - plugin  has been added successfully
133 [10860] INFO perfrun.launcher <> - plugin  has been added successfully
133 [10860] INFO perfrun.launcher <> - plugin  has been added successfully
133 [10860] INFO perfrun.launcher <> - plugin  has been added successfully
133 [10860] INFO perfrun.launcher <> - plugin  has been added successfully
133 [10860] INFO perfrun.launcher <> - plugin  has been added successfully
133 [10860] INFO perfrun.launcher <> - plugin mrte has been added successfully
133 [10860] INFO perfrun.launcher <> - plugin  has been added successfully
133 [10860] INFO perfrun.launcher <> - plugin  has been added successfully
133 [10860] INFO perfrun.launcher <> - plugin  has been added successfully
150 [10860] INFO perfrun.launcher <> - plugin  has been added successfully
150 [10860] INFO perfrun.launcher <> - plugin  has been added successfully
150 [10860] INFO perfrun.launcher <> - plugin  has been added successfully
155 [10860] INFO perfrun.launcher <> - plugin tpss has been added successfully
155 [10860] INFO perfrun.launcher <> - plugin  has been added successfully
155 [10860] INFO perfrun.launcher <> - plugin  has been added successfully
155 [10860] INFO perfrun.launcher <> - plugin  has been added successfully
155 [10860] INFO perfrun.launcher <> - plugin  has been added successfully
155 [10860] INFO perfrun.launcher <> - plugin  has been added successfully
155 [10860] INFO perfrun.launcher <> - plugin  has been added successfully
155 [10860] INFO perfrun.launcher <> - plugin  has been added successfully
155 [10860] INFO perfrun.launcher <> - the option was added --interval: Specify an interval of data collection (for example, sampling) in milliseconds.
155 [10860] INFO perfrun.launcher <> - the option was added --follow-child: Profile process with or without children.
156 [10860] INFO perfrun.launcher <> - the option was added --gelding: BADMSG: perfrun1.launcher.plugin_manager::gelding
156 [10860] INFO perfrun.launcher <> - the option was added --time-source: Specify time source for measurement. Possible values: sys - wall clock time; tsc - time stamp counter; ext - time from an external source; auto - auto select accurate time source.
156 [10860] INFO perfrun.launcher <> - the option was added --stack: Enable or disable collection of stacks.
156 [10860] INFO perfrun.launcher <> - the option was added --stack-stitching: Enable or disable the stack stitching algorithm for Intel TBB-based applications.
156 [10860] INFO perfrun.launcher <> - the option was added --type: Specify type of data to be collected. For example, --type cpu:counters,waiting:nostack,io.
156 [10860] INFO perfrun.launcher <> - the option was added --mrte-mode: Specify Java/.NET/other managed runtime collection mode. Possible values: native - collect information only for native code; managed - collect information only for managed code; mixed - collect information for both managed and native code; auto - choose the mode based on binary type.
156 [10860] INFO perfrun.launcher <> - the option was added --mrte-mode-list: List supported Java/.NET/other managed runtime collection modes.
156 [10860] INFO perfrun.launcher <> - the option was added --mrte-type: Specify which managed runtimes to collect. Possible values: java - collect information for Java; dotnet - collect information for .NET; python - collect information for CPython. You can specify several values separated by comma.
156 [10860] INFO perfrun.launcher <> - the option was added --mrte-type-list: List supported Java/.NET/other managed runtime types.
156 [10860] INFO perfrun.launcher <> - the option was added --trace-strategy: Specify how to profile a process tree. <string> can be "<process>:trace:notrace" - profile the process but do not profile its children. Shorthand parameters: t - trace, nt - notrace. For example, "vtunedemo.exe:t:t".
156 [10860] INFO perfrun.launcher <> - the option was added --collector: BADMSG: perfrun1.launcher.plugin_manager::collector
157 [10860] INFO perfrun.launcher <> - the option was added --system-wide: Enable system-wide profiling. This mode may require additional permissions.
157 [10860] INFO perfrun.launcher <> - the option was added --kvm-guest: Enable KVM guest OS profiling.
157 [10860] INFO perfrun.launcher <> - the option was added --kvm-guest-kallsyms: Specify a local path to the /proc/kallsyms file copied from the guest OS for proper symbol resolution.
157 [10860] INFO perfrun.launcher <> - the option was added --kvm-guest-modules: Specify a local path to the /proc/modules file copied from the guest OS for proper symbol resolution.
157 [10860] INFO perfrun.launcher <> - the option was added --bandwidth-limits: Measure bandwidth limits
157 [10860] INFO perfrun.launcher <> - the option was added --bandwidth-strategy: Bandwidth limits determination specific properties (example: --bandwidth-strategy array-size=0,duration=500).
157 [10860] INFO perfrun.launcher <> - the option was added --bandwidth-config: List of benchmarks to run.
157 [10860] INFO perfrun.launcher <> - the option was added --system-collector-config: Specify subcollectors. Possible values: all, vdso, container, device-info, none.
157 [10860] INFO perfrun.launcher <> - the option was added --stackwalk: Specify stack unwinding method. Possible values: online - unwind stacks during collection; offline - unwind stacks after collection is finished.
157 [10860] INFO perfrun.launcher <> - the option was added --filter-include: Filter data during collection. Possible values: contended=<on|off> - filter out uncontended events; contended_nostack=<time> - filter out stacks for contended events that take less than <time> microseconds; wait=<time> - ignore transitions and blocks with wait time less than <time> microseconds; wait_nostack=<time> - filter out stacks for waits that take less than <time> microseconds.
157 [10860] INFO perfrun.launcher <> - the option was added --debug-pin: Debug PIN tool and runtime.
157 [10860] INFO perfrun.launcher <> - the option was added --debug-exception: Disallow the application to set own abnormal termination handler.
158 [10860] INFO perfrun.launcher <> - the option was added --trace-type: Specify the trace file granularity. Possible values: per-thread - per-thread trace file generation; per-process - per-process trace file generation.
158 [10860] INFO perfrun.launcher <> - the option was added --instrumentation-type: Specify type of instrumentation.
158 [10860] INFO perfrun.launcher <> - the option was added --guard-pulse-event: Enable handling of PulseEvent API in order not to miss signals made by the API during Hotspots collection.
158 [10860] INFO perfrun.launcher <> - the option was added --memory-strategy: Specify a minimal memory object size to be traced and a hash table size for faster objects search; for example: --memory-strategy obj-size-min=1024,hash-table-size=4096.
158 [10860] INFO perfrun.launcher <> - the option was added --opencl-trace-mode: Specify OpenCL kernel tracing modes: 'default' to trace OpenCL kernels for Intel Graphics Driver only; 'epoch' for any non-Intel graphics, where OpenCL kernels will be traced and OpenCL profiling API timestamps will be interpreted as Unux Epoch time in nanoseconds; 'completion' to trace OpenCL kernels for any Graphics Driver and bind OpenCL profiling API timestamps to the timestamp of OpenCL completion callback.
161 [10860] INFO perfrun.launcher <> - create msngr2::ICliToolContext
162 [10860] INFO perfrun.launcher <> - create file finder object
162 [10860] INFO perfrun.launcher <> - create a result directory: pattern = C:\Users\Ната\Desktop\IPS\task2\project\task\My Advisor Results - task\e000\hs016 pid = 4294967295
169 [10860] INFO perfrun.launcher <> - create data directory = C:\Users\Ната\Desktop\IPS\task2\project\task\My Advisor Results - task\e000\hs016\data.0
173 [10860] INFO perfrun.launcher <> - Creating the master collection flag
187 [10860] INFO perfrun.launcher <> - Done creating the master collection flag
187 [14560] INFO perfrun.launcher <> - plugin [remoteplug] was disabled because it doesn't support the given collection type.
188 [14560] INFO perfrun.sdk <> - Allocating TMU :C:\Users\Ната\Desktop\IPS\task2\project\task\My Advisor Results - task\e000\hs016\data.0\systemcollector-11280-DESKTOP-H601PET.sc
188 [14560] INFO perfrun.launcher <> - plugin [] was disabled because it doesn't support the given collection type.
189 [14560] INFO perfrun.launcher <> - plugin [] was disabled because it doesn't support the given collection type.
189 [14560] INFO perfrun.launcher <> - plugin [] was disabled because it doesn't support the given collection type.
189 [14560] INFO perfrun.launcher <> - plugin [] was disabled because it doesn't support the given collection type.
189 [14560] INFO perfrun.launcher <> - plugin [] was disabled because it doesn't support the given collection type.
189 [14560] INFO perfrun.launcher <> - plugin [] was disabled because it doesn't support the given collection type.
189 [14560] INFO perfrun.launcher <> - plugin [mrte] was disabled because it doesn't support the given collection type.
189 [14560] INFO perfrun.launcher <> - plugin [] was disabled because it doesn't support the given collection type.
189 [14560] INFO perfrun.launcher <> - plugin [] was disabled because it doesn't support the given collection type.
189 [14560] INFO perfrun.launcher <> - plugin [] was disabled because it doesn't support the given collection type.
189 [14560] INFO perfrun.launcher <> - plugin [] was disabled because it doesn't support the given collection type.
189 [14560] INFO perfrun.launcher <> - plugin [] was disabled because it doesn't support the given collection type.
189 [14560] INFO perfrun.launcher <> - plugin [] was disabled because it doesn't support the given collection type.
189 [14560] INFO perfrun.tpss <> - initialize tpss controller
189 [14560] INFO perfrun.tpss <> - configure collection mode: value = cpu:stack
189 [14560] INFO perfrun.tpss <> - default obj-size-min=1024
189 [14560] INFO perfrun.tpss <> - default hash-table-size=0
189 [14560] INFO perfrun.launcher <> - plugin [] was disabled because it doesn't support the given collection type.
189 [14560] INFO perfrun.launcher <> - plugin [] was disabled because it doesn't support the given collection type.
189 [14560] INFO perfrun.launcher <> - plugin [] was disabled because it doesn't support the given collection type.
189 [14560] INFO perfrun.launcher <> - plugin [] was disabled because it doesn't support the given collection type.
189 [14560] INFO perfrun.launcher <> - plugin [] was disabled because it doesn't support the given collection type.
189 [14560] INFO perfrun.launcher <> - plugin [] was disabled because it doesn't support the given collection type.
189 [14560] INFO perfrun.launcher <> - plugin [] was disabled because it doesn't support the given collection type.
190 [10860] INFO perfrun.launcher <> - RpcServer: run RPC server to handle requests
199 [10860] INFO perfrun.sdk <> - IProcessUtil: the given executable 'C:\Users\Ната\Desktop\IPS\task2\project\task\Release\Task.exe' is valid.
199 [10860] INFO perfrun.launcher <> - Launcher: command line to start before modification = C:\Users\Ната\Desktop\IPS\task2\project\task\Release\Task.exe
202 [10860] INFO perfrun.launcher <> - Launcher: command line to start after modification = C:\Program Files (x86)\IntelSWTools\Advisor 2019\bin64\pin.exe -error_file C:\Users\Ната\Desktop\IPS\task2\project\task\My Advisor Results - task\e000\hs016\data.0\pinerr.tpsslog -detach_reattach -probe -follow_execv -p32 C:\Program Files (x86)\IntelSWTools\Advisor 2019\bin32\pin.exe -p64 C:\Program Files (x86)\IntelSWTools\Advisor 2019\bin64\pin.exe -t64 C:\Program Files (x86)\IntelSWTools\Advisor 2019\bin64\tpsstool.dll -t C:\Program Files (x86)\IntelSWTools\Advisor 2019\bin32\tpsstool.dll -server_name tpss_ipc.11280 -prd_dir C:\Program Files (x86)\IntelSWTools\Advisor 2019 -- C:\Users\Ната\Desktop\IPS\task2\project\task\Release\Task.exe
202 [10860] INFO perfrun.launcher <> - ProcessCreator object was created
204 [10860] INFO perfrun.launcher <> - Launcher: the process was started in suspend mode
263 [14560] INFO perfrun.system <> - OpenCL gpu adapter vendor Id 4318
263 [14560] INFO perfrun.system <> - OpenCL gpu adapter vendor Id 32902
264 [14560] INFO perfrun.tpss <> - start tpss controller for pid #17316
315 [10860] INFO perfrun.launcher <> - Launcher: all plugins were started
315 [10860] INFO perfrun.launcher <> - DirectoryMonitor object was created
315 [10860] INFO perfrun.launcher <> - DirectoryMonitor: a callback was added
315 [10860] INFO perfrun.launcher <> - DirectoryMonitor was started with pingTime = 1000
315 [10860] INFO perfrun.launcher <> - DeadlineTimer is going to be constructed
315 [10860] INFO perfrun.launcher <> - DeadlineTimer: a callback was added
324 [10860] INFO perfrun.launcher <> - Launcher: resume the profiled application and  wait its termination or stop command
820 [10860] INFO perfrun.launcher <> - Launcher: the profiled application was terminated  with exit code = 0
837 [14560] INFO perfrun.tpss <> - stop tpss controller
838 [14560] INFO perfrun.sdk <> - De-allocating TMU: C:\Users\Ната\Desktop\IPS\task2\project\task\My Advisor Results - task\e000\hs016\data.0\systemcollector-11280-DESKTOP-H601PET.sc
855 [14560] INFO perfrun.system <> - closed the system trace file: C:\Users\Ната\Desktop\IPS\task2\project\task\My Advisor Results - task\e000\hs016\data.0\systemcollector-11280-DESKTOP-H601PET.sc
855 [10860] INFO perfrun.launcher <> - Launcher: all plugins were stopped.
855 [10860] INFO perfrun.launcher <> - DeadlineTimer is going to be destroyed
855 [10860] INFO perfrun.launcher <> - DeadlineTimer was destroyed
855 [10860] INFO perfrun.launcher <> - DirectoryMonitor object was destroyed
856 [10860] WARN perfrun.launcher <> - Stop command is ignored because it is received when collection is already stopped, at file: vcs\perfrun1\launcher\src\command_handler.cpp:212
858 [10860] INFO perfrun.launcher <> - Application exit code: 0
858 [10860] INFO perfrun.launcher <> - Exit code: 0
