c:\users\ната\desktop\ips\индивидуальное задание\ips_individual_task\task4\release\task.obj
c:\users\ната\desktop\ips\task2\task_for_second_class\task2\release\task.obj
c:\users\1e1b~1\appdata\local\temp\lnk{37a00748-2acc-4446-bc43-1d27887898fa}.tmp
c:\users\1e1b~1\appdata\local\temp\lnk{a74e0ed8-0bbd-47da-83b8-ee6d830e9469}.tmp
c:\users\ната\desktop\ips\индивидуальное задание\ips_individual_task\task4\release\task.exe
c:\users\ната\desktop\ips\индивидуальное задание\ips_individual_task\task4\release\task.pdb
c:\users\ната\desktop\ips\task2\task_for_second_class\task2\release\task.exe
c:\users\ната\desktop\ips\task2\task_for_second_class\task2\release\task.pdb
c:\users\ната\desktop\ips\task2\project\task\release\task.obj
c:\users\ната\desktop\ips\task2\project\task\release\task.pdb
c:\users\ната\desktop\ips\task2\project\task\release\task.exe
c:\users\ната\desktop\ips\task2\project\task\release\task.tlog\icl-mcpcom.read.1.tlog
c:\users\ната\desktop\ips\task2\project\task\release\task.tlog\icl-mcpcom.write.1.tlog
c:\users\ната\desktop\ips\task2\project\task\release\task.tlog\icl.command.1.tlog
c:\users\ната\desktop\ips\task2\project\task\release\task.tlog\icl.read.1.tlog
c:\users\ната\desktop\ips\task2\project\task\release\task.tlog\icl.write.1.tlog
c:\users\ната\desktop\ips\task2\project\task\release\task.tlog\xilink-link-cvtres.read.1.tlog
c:\users\ната\desktop\ips\task2\project\task\release\task.tlog\xilink-link-cvtres.write.1.tlog
c:\users\ната\desktop\ips\task2\project\task\release\task.tlog\xilink-link-rc.read.1.tlog
c:\users\ната\desktop\ips\task2\project\task\release\task.tlog\xilink-link-rc.write.1.tlog
c:\users\ната\desktop\ips\task2\project\task\release\task.tlog\xilink-link.read.1.tlog
c:\users\ната\desktop\ips\task2\project\task\release\task.tlog\xilink-link.write.1.tlog
c:\users\ната\desktop\ips\task2\project\task\release\task.tlog\xilink-mcpcom.read.1.tlog
c:\users\ната\desktop\ips\task2\project\task\release\task.tlog\xilink-mcpcom.write.1.tlog
c:\users\ната\desktop\ips\task2\project\task\release\task.tlog\xilink.command.1.tlog
c:\users\ната\desktop\ips\task2\project\task\release\task.tlog\xilink.read.1.tlog
c:\users\ната\desktop\ips\task2\project\task\release\task.tlog\xilink.write.1.tlog
